{
  "RSpec": {
    "coverage": {
      "/home/vts/Desktop/Project/rsm/spec/controllers/employers/applies_controller_spec.rb": [
        1,
        null,
        1,
        10,
        null,
        10,
        null,
        10,
        10,
        10,
        10,
        null,
        10,
        10,
        1,
        9,
        null,
        null,
        10,
        1,
        9,
        null,
        1,
        9,
        null,
        10,
        null,
        1,
        1,
        9,
        9,
        null,
        null,
        1,
        1,
        1,
        4,
        null,
        null,
        1,
        1,
        null,
        null,
        1,
        1,
        null,
        null,
        1,
        1,
        null,
        null,
        1,
        1,
        null,
        null,
        null,
        null,
        1,
        1,
        1,
        2,
        2,
        null,
        null,
        null,
        null,
        1,
        1,
        null,
        null,
        1,
        1,
        null,
        null,
        null,
        1,
        1,
        1,
        1,
        null,
        null,
        null,
        1,
        1,
        null,
        null,
        null,
        1,
        1,
        1,
        null,
        null,
        null,
        1,
        1,
        null,
        null,
        null,
        1,
        1,
        1,
        null,
        null,
        null,
        1,
        1,
        null,
        null,
        null,
        null
      ],
      "/home/vts/Desktop/Project/rsm/spec/rails_helper.rb": [
        1,
        1,
        1,
        1,
        1,
        1,
        1,
        null,
        1,
        1,
        1,
        1,
        1,
        1,
        1,
        1,
        1,
        1,
        1,
        null,
        null,
        1,
        1,
        1,
        null
      ],
      "/home/vts/Desktop/Project/rsm/config/environment.rb": [
        null,
        1,
        null,
        null,
        1
      ],
      "/home/vts/Desktop/Project/rsm/config/application.rb": [
        1,
        null,
        1,
        1,
        null,
        null,
        null,
        1,
        null,
        1,
        1,
        null,
        1,
        1,
        1,
        1,
        1,
        1,
        1,
        1,
        1,
        1,
        1,
        null,
        null,
        null,
        1,
        null,
        null,
        null,
        null,
        null
      ],
      "/home/vts/Desktop/Project/rsm/config/boot.rb": [
        1,
        null,
        1
      ],
      "/home/vts/Desktop/Project/rsm/config/initializers/config.rb": [
        1,
        null,
        0,
        null,
        null,
        null,
        null,
        null,
        null,
        null,
        null,
        null,
        null,
        null,
        null,
        null,
        null,
        null,
        null,
        null,
        null,
        null,
        null,
        null,
        null,
        null,
        null,
        null,
        null,
        null,
        null,
        null,
        null,
        null,
        null,
        null,
        null,
        null,
        null,
        null,
        null,
        null,
        null,
        null,
        null
      ],
      "/home/vts/Desktop/Project/rsm/config/environments/test.rb": [
        1,
        null,
        null,
        null,
        null,
        null,
        null,
        1,
        null,
        null,
        null,
        null,
        1,
        null,
        null,
        1,
        1,
        null,
        null,
        null,
        null,
        1,
        1,
        null,
        null,
        1,
        null,
        null,
        1,
        1,
        null,
        null,
        null,
        null,
        1,
        null,
        null,
        1,
        null,
        null,
        null,
        1,
        null
      ],
      "/home/vts/Desktop/Project/rsm/config/initializers/application_controller_renderer.rb": [
        null,
        null,
        null,
        null,
        null,
        null,
        null,
        null
      ],
      "/home/vts/Desktop/Project/rsm/config/initializers/assets.rb": [
        1,
        1,
        1,
        1,
        1,
        1,
        1,
        1,
        1,
        1,
        1,
        1,
        1,
        1,
        1,
        1,
        1,
        1,
        1,
        null,
        null,
        1,
        1,
        1,
        1,
        1,
        1
      ],
      "/home/vts/Desktop/Project/rsm/config/initializers/backtrace_silencers.rb": [
        null,
        null,
        null,
        null,
        null,
        null,
        null
      ],
      "/home/vts/Desktop/Project/rsm/config/initializers/carrierwave.rb": [
        1,
        null,
        1,
        1,
        1,
        null,
        null,
        1,
        null,
        1,
        1,
        1,
        1,
        280,
        null,
        null,
        1,
        138,
        null,
        null,
        null,
        null,
        null,
        1,
        1,
        null
      ],
      "/home/vts/Desktop/Project/rsm/app/uploaders/cv_uploader.rb": [
        1,
        1,
        null,
        1,
        0,
        null,
        null,
        1,
        284,
        null,
        null
      ],
      "/home/vts/Desktop/Project/rsm/config/initializers/ckeditor.rb": [
        null,
        1,
        null,
        null,
        null,
        null,
        1,
        null,
        null,
        null,
        null,
        null,
        null,
        null,
        null,
        null,
        null,
        null,
        null,
        null,
        null,
        null,
        null,
        null,
        null,
        null,
        null,
        null,
        null,
        null,
        null,
        null,
        null,
        null,
        null,
        null,
        null,
        null,
        null,
        null,
        null,
        null,
        null,
        null,
        null,
        null,
        null,
        null,
        null,
        null,
        null,
        null,
        null,
        null,
        null,
        null,
        null,
        null
      ],
      "/home/vts/Desktop/Project/rsm/config/initializers/cookies_serializer.rb": [
        null,
        null,
        null,
        null,
        1
      ],
      "/home/vts/Desktop/Project/rsm/config/initializers/devise.rb": [
        null,
        null,
        1,
        null,
        null,
        null,
        null,
        null,
        null,
        null,
        null,
        null,
        null,
        null,
        1,
        null,
        null,
        1,
        null,
        null,
        null,
        null,
        null,
        null,
        null,
        null,
        1,
        null,
        null,
        null,
        null,
        null,
        null,
        null,
        null,
        null,
        null,
        null,
        null,
        null,
        null,
        null,
        null,
        null,
        null,
        null,
        null,
        null,
        1,
        null,
        null,
        null,
        null,
        1,
        null,
        null,
        null,
        null,
        null,
        null,
        null,
        null,
        null,
        null,
        null,
        null,
        null,
        null,
        null,
        1,
        null,
        null,
        null,
        null,
        null,
        null,
        null,
        null,
        null,
        null,
        null,
        null,
        null,
        null,
        1,
        null,
        null,
        null,
        null,
        null,
        null,
        null,
        null,
        null,
        null,
        null,
        null,
        null,
        null,
        null,
        null,
        null,
        null,
        null,
        null,
        null,
        null,
        1,
        null,
        null,
        null,
        null,
        null,
        null,
        null,
        null,
        null,
        null,
        null,
        null,
        null,
        null,
        null,
        null,
        null,
        null,
        null,
        null,
        null,
        null,
        null,
        null,
        null,
        null,
        null,
        null,
        null,
        null,
        1,
        null,
        null,
        null,
        null,
        null,
        null,
        null,
        null,
        null,
        1,
        null,
        null,
        null,
        null,
        null,
        null,
        null,
        null,
        null,
        null,
        1,
        null,
        null,
        null,
        null,
        1,
        null,
        null,
        null,
        null,
        null,
        null,
        null,
        null,
        null,
        null,
        null,
        null,
        null,
        null,
        null,
        null,
        null,
        null,
        null,
        null,
        null,
        null,
        null,
        null,
        null,
        null,
        null,
        null,
        null,
        null,
        null,
        null,
        null,
        null,
        null,
        null,
        null,
        null,
        null,
        null,
        1,
        null,
        null,
        null,
        null,
        null,
        null,
        null,
        null,
        null,
        null,
        null,
        null,
        null,
        null,
        null,
        null,
        null,
        null,
        null,
        null,
        null,
        null,
        null,
        null,
        null,
        null,
        null,
        null,
        null,
        null,
        null,
        null,
        null,
        null,
        null,
        null,
        null,
        null,
        null,
        1,
        null,
        null,
        1,
        null,
        null,
        null,
        null,
        null,
        null,
        null,
        null,
        null,
        null,
        null,
        null,
        null,
        null,
        null,
        null,
        null,
        null,
        null,
        null,
        null,
        null,
        null,
        null,
        null,
        null,
        null,
        null,
        1,
        null,
        null,
        null,
        null,
        null,
        null,
        null,
        1,
        null,
        1,
        null
      ],
      "/home/vts/Desktop/Project/rsm/config/initializers/filter_parameter_logging.rb": [
        null,
        null,
        null,
        1
      ],
      "/home/vts/Desktop/Project/rsm/config/initializers/inflections.rb": [
        null,
        null,
        null,
        null,
        null,
        null,
        null,
        null,
        null,
        null,
        null,
        null,
        null,
        null,
        null,
        null
      ],
      "/home/vts/Desktop/Project/rsm/config/initializers/kaminari_config.rb": [
        null,
        1,
        1,
        null,
        null,
        null,
        null,
        null,
        null,
        null,
        null,
        null
      ],
      "/home/vts/Desktop/Project/rsm/config/initializers/mime_types.rb": [
        null,
        null,
        null,
        null
      ],
      "/home/vts/Desktop/Project/rsm/config/initializers/rack_profiler.rb": [
        1,
        1,
        0,
        0,
        null
      ],
      "/home/vts/Desktop/Project/rsm/config/initializers/simple_form.rb": [
        1,
        1,
        null,
        null,
        1,
        1,
        1,
        1,
        1,
        1,
        1,
        null,
        1,
        1,
        1,
        null,
        1,
        1,
        1,
        1,
        1,
        1,
        1,
        null
      ],
      "/home/vts/Desktop/Project/rsm/config/initializers/simple_form_bootstrap.rb": [
        null,
        1,
        1,
        1,
        1,
        null,
        1,
        1,
        1,
        1,
        1,
        1,
        1,
        1,
        1,
        null,
        1,
        1,
        1,
        null,
        null,
        1,
        1,
        1,
        1,
        1,
        1,
        1,
        null,
        1,
        1,
        1,
        null,
        null,
        1,
        1,
        1,
        null,
        1,
        1,
        null,
        null,
        1,
        1,
        null,
        null,
        1,
        1,
        1,
        1,
        1,
        1,
        1,
        null,
        null,
        1,
        1,
        1,
        1,
        1,
        1,
        1,
        1,
        1,
        null,
        1,
        1,
        1,
        1,
        null,
        null,
        null,
        1,
        1,
        1,
        1,
        1,
        1,
        1,
        null,
        1,
        1,
        1,
        1,
        null,
        null,
        null,
        1,
        1,
        1,
        null,
        1,
        1,
        1,
        null,
        null,
        1,
        1,
        null,
        null,
        null,
        1,
        1,
        1,
        null,
        1,
        null,
        1,
        1,
        1,
        1,
        null,
        null,
        null,
        1,
        1,
        1,
        1,
        1,
        1,
        1,
        1,
        1,
        null,
        1,
        1,
        1,
        null,
        null,
        1,
        1,
        1,
        1,
        1,
        1,
        1,
        1,
        null,
        null,
        null,
        null,
        null,
        null,
        1,
        1,
        null,
        null,
        null,
        null,
        null,
        null,
        null,
        null,
        null
      ],
      "/home/vts/Desktop/Project/rsm/config/initializers/social_share_button.rb": [
        1,
        1,
        null
      ],
      "/home/vts/Desktop/Project/rsm/config/initializers/wrap_parameters.rb": [
        null,
        null,
        null,
        null,
        null,
        null,
        1,
        2,
        null,
        null,
        null,
        null,
        null,
        null
      ],
      "/home/vts/Desktop/Project/rsm/spec/factories/ability.rb": [
        1,
        1,
        1,
        1,
        1,
        null,
        null
      ],
      "/home/vts/Desktop/Project/rsm/spec/factories/achievement.rb": [
        1,
        1,
        1,
        1,
        1,
        1,
        1,
        null,
        null
      ],
      "/home/vts/Desktop/Project/rsm/spec/factories/answers.rb": [
        1,
        1,
        1,
        1,
        1,
        null,
        null
      ],
      "/home/vts/Desktop/Project/rsm/spec/factories/apply.rb": [
        1,
        1,
        1,
        1,
        1,
        1,
        1,
        34,
        null,
        1,
        37,
        null,
        null,
        null
      ],
      "/home/vts/Desktop/Project/rsm/spec/factories/apply_statuses.rb": [
        1,
        1,
        1,
        1,
        1,
        null,
        null
      ],
      "/home/vts/Desktop/Project/rsm/spec/factories/appointment.rb": [
        1,
        1,
        1,
        1,
        1,
        1,
        1,
        null,
        null
      ],
      "/home/vts/Desktop/Project/rsm/spec/factories/bookmark_like.rb": [
        1,
        1,
        1,
        1,
        1,
        null,
        null
      ],
      "/home/vts/Desktop/Project/rsm/spec/factories/branch.rb": [
        1,
        1,
        1,
        1,
        1,
        1,
        1,
        1,
        1,
        null,
        null
      ],
      "/home/vts/Desktop/Project/rsm/spec/factories/category.rb": [
        1,
        1,
        1,
        1,
        null,
        null
      ],
      "/home/vts/Desktop/Project/rsm/spec/factories/certificate.rb": [
        1,
        1,
        1,
        1,
        1,
        1,
        1,
        1,
        null,
        null,
        null
      ],
      "/home/vts/Desktop/Project/rsm/spec/factories/club.rb": [
        1,
        1,
        1,
        1,
        1,
        1,
        1,
        1,
        1,
        1,
        1,
        null,
        null
      ],
      "/home/vts/Desktop/Project/rsm/spec/factories/company.rb": [
        1,
        1,
        1,
        1,
        1,
        1,
        1,
        1,
        1,
        1,
        null,
        null
      ],
      "/home/vts/Desktop/Project/rsm/spec/factories/company_steps.rb": [
        1,
        1,
        1,
        1,
        1,
        null,
        null
      ],
      "/home/vts/Desktop/Project/rsm/spec/factories/currencies.rb": [
        1,
        1,
        1,
        1,
        1,
        1,
        null,
        null
      ],
      "/home/vts/Desktop/Project/rsm/spec/factories/email_sent.rb": [
        1,
        1,
        1,
        1,
        1,
        1,
        1,
        1,
        1,
        null,
        null
      ],
      "/home/vts/Desktop/Project/rsm/spec/factories/evaluations.rb": [
        1,
        1,
        1,
        1,
        null,
        null
      ],
      "/home/vts/Desktop/Project/rsm/spec/factories/experience.rb": [
        1,
        1,
        1,
        1,
        1,
        1,
        1,
        1,
        1,
        1,
        null,
        null
      ],
      "/home/vts/Desktop/Project/rsm/spec/factories/interview_types.rb": [
        1,
        1,
        1,
        1,
        null,
        null
      ],
      "/home/vts/Desktop/Project/rsm/spec/factories/job.rb": [
        1,
        1,
        1,
        1,
        1,
        1,
        1,
        1,
        1,
        1,
        1,
        1,
        1,
        1,
        null,
        null
      ],
      "/home/vts/Desktop/Project/rsm/spec/factories/knowledges.rb": [
        1,
        1,
        1,
        1,
        1,
        null,
        null
      ],
      "/home/vts/Desktop/Project/rsm/spec/factories/member.rb": [
        1,
        1,
        1,
        1,
        1,
        null,
        null
      ],
      "/home/vts/Desktop/Project/rsm/spec/factories/notes.rb": [
        1,
        1,
        1,
        1,
        1,
        null,
        null
      ],
      "/home/vts/Desktop/Project/rsm/spec/factories/oauths.rb": [
        1,
        1,
        1,
        5,
        5,
        5,
        null,
        null
      ],
      "/home/vts/Desktop/Project/rsm/spec/factories/questions.rb": [
        1,
        1,
        1,
        15,
        null,
        null
      ],
      "/home/vts/Desktop/Project/rsm/spec/factories/reward_benefit.rb": [
        1,
        1,
        1,
        1,
        null,
        null
      ],
      "/home/vts/Desktop/Project/rsm/spec/factories/skill_sets.rb": [
        1,
        1,
        1,
        1,
        null,
        null
      ],
      "/home/vts/Desktop/Project/rsm/spec/factories/skills.rb": [
        1,
        1,
        1,
        1,
        null,
        null
      ],
      "/home/vts/Desktop/Project/rsm/spec/factories/status_steps.rb": [
        1,
        1,
        1,
        1,
        1,
        null,
        null
      ],
      "/home/vts/Desktop/Project/rsm/spec/factories/steps.rb": [
        1,
        1,
        1,
        1,
        null,
        null
      ],
      "/home/vts/Desktop/Project/rsm/spec/factories/surveys.rb": [
        1,
        1,
        1,
        1,
        null,
        null
      ],
      "/home/vts/Desktop/Project/rsm/spec/factories/templates.rb": [
        1,
        1,
        1,
        9,
        1,
        1,
        1,
        1,
        null,
        null
      ],
      "/home/vts/Desktop/Project/rsm/spec/factories/user.rb": [
        1,
        1,
        1,
        1,
        1,
        1,
        1,
        98,
        1,
        1,
        1,
        null,
        null
      ],
      "/home/vts/Desktop/Project/rsm/config/routes.rb": [
        1,
        null,
        1,
        1,
        1,
        null,
        null,
        null,
        null,
        null,
        null,
        1,
        1,
        1,
        1,
        1,
        1,
        null,
        null,
        1,
        1,
        1,
        1,
        null,
        1,
        1,
        1,
        1,
        1,
        1,
        1,
        1,
        1,
        1,
        1,
        1,
        null,
        1,
        1,
        1,
        1,
        null,
        1,
        1,
        1,
        1,
        1,
        1,
        1,
        1,
        null,
        1,
        1,
        1,
        1,
        1,
        1,
        1,
        1,
        1,
        1,
        1,
        1,
        1,
        null,
        1,
        1,
        null,
        1,
        1,
        1,
        1,
        1,
        1,
        null,
        1,
        null
      ],
      "/home/vts/Desktop/Project/rsm/app/models/user.rb": [
        1,
        1,
        1,
        null,
        null,
        1,
        null,
        1,
        1,
        1,
        1,
        1,
        1,
        1,
        1,
        1,
        1,
        1,
        1,
        1,
        1,
        1,
        1,
        1,
        1,
        1,
        1,
        1,
        1,
        1,
        1,
        1,
        1,
        1,
        1,
        1,
        1,
        null,
        1,
        1,
        null,
        1,
        1,
        1,
        1,
        null,
        1,
        101,
        101,
        101,
        null,
        null,
        1,
        1,
        null,
        1,
        null,
        1,
        1,
        1,
        1,
        1,
        3,
        3,
        1,
        null,
        1,
        1,
        null,
        1,
        4,
        null,
        null,
        1,
        0,
        null,
        null,
        1,
        61,
        null,
        61,
        null,
        null,
        1,
        0,
        null,
        0,
        null,
        null,
        1,
        145,
        145,
        null,
        null,
        1,
        0,
        null,
        null,
        1,
        0,
        null,
        null,
        1,
        101,
        0,
        null,
        null,
        null,
        1,
        1,
        2,
        2,
        2,
        2,
        0,
        0,
        null,
        null,
        1,
        2,
        2,
        null,
        null,
        2,
        2,
        2,
        null,
        null,
        null
      ],
      "/home/vts/Desktop/Project/rsm/app/models/application_record.rb": [
        1,
        1,
        null
      ],
      "/home/vts/Desktop/Project/rsm/app/models/relationship.rb": [
        1,
        1,
        null,
        1,
        1,
        null
      ],
      "/home/vts/Desktop/Project/rsm/app/models/report.rb": [
        1,
        1,
        null,
        1,
        1,
        null
      ],
      "/home/vts/Desktop/Project/rsm/app/models/job.rb": [
        1,
        1,
        1,
        null,
        1,
        1,
        1,
        1,
        1,
        null,
        1,
        1,
        1,
        1,
        1,
        1,
        1,
        null,
        1,
        null,
        1,
        0,
        1,
        null,
        1,
        1,
        1,
        1,
        1,
        1,
        1,
        1,
        null,
        1,
        1,
        1,
        null,
        1,
        0,
        null,
        1,
        15,
        1,
        1,
        0,
        null,
        1,
        1,
        1,
        1,
        null,
        1,
        1,
        1,
        null,
        1,
        null,
        1,
        0,
        0,
        null,
        null,
        null,
        null,
        1,
        1,
        0,
        null,
        null,
        1,
        0,
        null,
        null,
        1,
        null,
        0,
        null,
        null,
        1,
        0,
        null,
        null,
        null,
        1,
        2,
        null,
        null,
        1,
        0,
        null,
        null,
        1,
        52,
        null,
        null,
        1,
        null,
        1,
        54,
        52,
        null,
        null,
        1,
        0,
        0,
        0,
        null,
        null,
        null
      ],
      "/home/vts/Desktop/Project/rsm/app/models/apply.rb": [
        1,
        1,
        1,
        null,
        1,
        1,
        1,
        1,
        1,
        1,
        1,
        1,
        1,
        1,
        1,
        1,
        null,
        1,
        null,
        1,
        null,
        1,
        null,
        1,
        1,
        1,
        null,
        1,
        1,
        null,
        1,
        1,
        1,
        1,
        1,
        3,
        3,
        7,
        1,
        0,
        null,
        1,
        null,
        1,
        null,
        1,
        1,
        1,
        1,
        null,
        1,
        null,
        1,
        81,
        null,
        81,
        81,
        81,
        null,
        null,
        null,
        1,
        0,
        0,
        null,
        null,
        1,
        39,
        39,
        39,
        0,
        null,
        39,
        null,
        null,
        null,
        null,
        null,
        1,
        4,
        4,
        null,
        null,
        1,
        0,
        0,
        null,
        null,
        1,
        null,
        1,
        39,
        39,
        37,
        37,
        null,
        null,
        null,
        1,
        40,
        3,
        3,
        2,
        2,
        2,
        2,
        0,
        0,
        null,
        2,
        2,
        null,
        0,
        null,
        null,
        1,
        null,
        3,
        null,
        null
      ],
      "/home/vts/Desktop/Project/rsm/app/models/company.rb": [
        1,
        1,
        null,
        1,
        1,
        1,
        1,
        1,
        1,
        1,
        1,
        1,
        1,
        1,
        1,
        1,
        1,
        1,
        1,
        1,
        1,
        1,
        1,
        1,
        1,
        1,
        1,
        1,
        null,
        1,
        null,
        1,
        1,
        1,
        1,
        null,
        1,
        1,
        null,
        1,
        1,
        1,
        1,
        1,
        null
      ],
      "/home/vts/Desktop/Project/rsm/app/uploaders/image_uploader.rb": [
        1,
        null,
        1,
        null,
        1,
        0,
        null,
        null,
        1,
        0,
        null,
        null
      ],
      "/home/vts/Desktop/Project/rsm/app/uploaders/logo_uploader.rb": [
        1,
        1,
        null,
        1,
        0,
        null,
        null,
        1,
        0,
        null,
        null
      ],
      "/home/vts/Desktop/Project/rsm/app/uploaders/picture_uploader.rb": [
        1,
        null,
        1,
        null,
        1,
        0,
        null,
        null,
        1,
        0,
        null,
        null,
        1,
        0,
        null,
        null
      ],
      "/home/vts/Desktop/Project/rsm/app/helpers/achievements_helper.rb": [
        1,
        1,
        0,
        0,
        null,
        0,
        null,
        null,
        null,
        1,
        0,
        null,
        null
      ],
      "/home/vts/Desktop/Project/rsm/app/helpers/application_helper.rb": [
        1,
        null,
        1,
        0,
        0,
        0,
        null,
        0,
        null,
        null,
        null,
        1,
        0,
        null,
        null,
        1,
        0,
        null,
        null,
        1,
        0,
        null,
        null,
        1,
        0,
        0,
        null,
        null,
        1,
        0,
        null,
        null,
        1,
        0,
        null,
        null,
        1,
        0,
        null,
        null,
        1,
        0,
        0,
        0,
        0,
        0,
        null,
        null,
        null,
        1,
        0,
        null,
        null,
        1,
        0,
        null,
        null,
        1,
        null,
        0,
        null,
        0,
        0,
        0,
        0,
        0,
        0,
        0,
        0,
        0,
        null,
        null
      ],
      "/home/vts/Desktop/Project/rsm/app/helpers/applies_helper.rb": [
        1,
        1,
        0,
        null,
        null,
        1,
        0,
        null,
        null,
        1,
        0,
        null,
        null,
        1,
        0,
        0,
        0,
        null,
        null,
        1,
        0,
        0,
        null,
        null,
        null,
        0,
        null,
        null,
        null,
        null,
        null,
        1,
        0,
        0,
        0,
        0,
        0,
        null,
        0,
        null,
        0,
        null,
        null
      ],
      "/home/vts/Desktop/Project/rsm/app/helpers/certificates_helper.rb": [
        1,
        1,
        0,
        0,
        null,
        0,
        null,
        null,
        null,
        1,
        0,
        null,
        null
      ],
      "/home/vts/Desktop/Project/rsm/app/helpers/clubs_helper.rb": [
        1,
        1,
        0,
        0,
        null,
        0,
        null,
        null,
        null,
        1,
        0,
        0,
        null,
        0,
        null,
        null,
        null,
        1,
        0,
        null,
        null
      ],
      "/home/vts/Desktop/Project/rsm/app/helpers/companies_helper.rb": [
        1,
        1,
        0,
        null,
        null,
        1,
        0,
        null,
        null,
        1,
        0,
        0,
        null,
        null,
        null
      ],
      "/home/vts/Desktop/Project/rsm/app/helpers/email_helper.rb": [
        1,
        1,
        2,
        2,
        null,
        null,
        1,
        0,
        0,
        null,
        null,
        1,
        null,
        null,
        null,
        null,
        null,
        null,
        null,
        null,
        null,
        null,
        0,
        null,
        null,
        1,
        null,
        null,
        null,
        null,
        null,
        null,
        0,
        0,
        null,
        null,
        1,
        0,
        0,
        0,
        0,
        0,
        0,
        null,
        null
      ],
      "/home/vts/Desktop/Project/rsm/app/helpers/employers_helper.rb": [
        1,
        null,
        1,
        null,
        null,
        0,
        null,
        0,
        null,
        0,
        null,
        0,
        0,
        null,
        null,
        1,
        0,
        null,
        null,
        1,
        null,
        null,
        0,
        null,
        0,
        null,
        0,
        null,
        0,
        0,
        null,
        null,
        1,
        0,
        0,
        null,
        null,
        1,
        0,
        0,
        null,
        null,
        1,
        0,
        0,
        0,
        null,
        null,
        null,
        null,
        1,
        0,
        0,
        null,
        null,
        null,
        1,
        0,
        0,
        0,
        null,
        null,
        null,
        null,
        1,
        0,
        null,
        null,
        1,
        0,
        null,
        null,
        1,
        0,
        null,
        null,
        1,
        0,
        0,
        null,
        null,
        1,
        0,
        0,
        null,
        null,
        1,
        0,
        0,
        null,
        null,
        1,
        0,
        0,
        null,
        null,
        1,
        0,
        null,
        null,
        1,
        0,
        0,
        null,
        0,
        0,
        null,
        0,
        0,
        0,
        null,
        null,
        1,
        0,
        null,
        null,
        1,
        null,
        null,
        0,
        null,
        0,
        null,
        0,
        null,
        0,
        0,
        null,
        null,
        1,
        0,
        null,
        0,
        null,
        0,
        null,
        0,
        null,
        null,
        null,
        1,
        0,
        0,
        null,
        0,
        null,
        null,
        1,
        0,
        null,
        null,
        1,
        0,
        null,
        0,
        null,
        0,
        null,
        0,
        null,
        null,
        null,
        1,
        0,
        0,
        0,
        null,
        null,
        null,
        1,
        0,
        null,
        null,
        1,
        0,
        0,
        null,
        0,
        null,
        null,
        null,
        1,
        0,
        null,
        null,
        1,
        0,
        null,
        null,
        1,
        0,
        null,
        null,
        1,
        0,
        null,
        null,
        1,
        0,
        null,
        null,
        1,
        0,
        0,
        null,
        null,
        1,
        0,
        null,
        null,
        1,
        0,
        0,
        0,
        null,
        0,
        0,
        null,
        null,
        1,
        0,
        null,
        null,
        1,
        0,
        null,
        null
      ],
      "/home/vts/Desktop/Project/rsm/app/helpers/experiences_helper.rb": [
        1,
        1,
        0,
        0,
        null,
        0,
        null,
        null,
        null,
        1,
        0,
        null,
        null
      ],
      "/home/vts/Desktop/Project/rsm/app/helpers/jobs_helper.rb": [
        1,
        1,
        0,
        null,
        null,
        1,
        0,
        0,
        null,
        0,
        null,
        null,
        null,
        1,
        0,
        0,
        null,
        null,
        null,
        0,
        null,
        null,
        null,
        null,
        1,
        0,
        null,
        null,
        null,
        1,
        0,
        null,
        null,
        1,
        0,
        0,
        null,
        null,
        1,
        0,
        0,
        0,
        0,
        0,
        0,
        null,
        null,
        1,
        0,
        null,
        null,
        1,
        0,
        null,
        0,
        null,
        0,
        null,
        0,
        null,
        0,
        null,
        0,
        null,
        null,
        null,
        1,
        0,
        null,
        0,
        null,
        null,
        1,
        0,
        null,
        null,
        1,
        0,
        null,
        null,
        1,
        0,
        0,
        null,
        0,
        null,
        null,
        null,
        1,
        0,
        null,
        null,
        0,
        null,
        null,
        1,
        0,
        null,
        null,
        1,
        0,
        null,
        null,
        1,
        0,
        null,
        null
      ],
      "/home/vts/Desktop/Project/rsm/app/helpers/members_helper.rb": [
        1,
        1,
        0,
        null,
        null,
        1,
        0,
        null,
        null
      ],
      "/home/vts/Desktop/Project/rsm/app/helpers/notifications_helper.rb": [
        1,
        1,
        0,
        0,
        null,
        null,
        0,
        0,
        0,
        null,
        0,
        null,
        0,
        null,
        0,
        null,
        null,
        null,
        1,
        0,
        0,
        null,
        0,
        null,
        null,
        null,
        1,
        0,
        0,
        null,
        0,
        null,
        null,
        null
      ],
      "/home/vts/Desktop/Project/rsm/app/helpers/users_helper.rb": [
        1,
        1,
        0,
        null,
        null,
        1,
        0,
        null,
        null
      ],
      "/home/vts/Desktop/Project/rsm/app/controllers/employers/applies_controller.rb": [
        1,
        1,
        1,
        1,
        1,
        null,
        null,
        null,
        1,
        1,
        1,
        1,
        1,
        1,
        1,
        1,
        1,
        null,
        1,
        null,
        1,
        0,
        0,
        0,
        null,
        null,
        null,
        1,
        0,
        0,
        0,
        0,
        0,
        null,
        null,
        null,
        1,
        4,
        4,
        4,
        null,
        1,
        null,
        null,
        1,
        0,
        0,
        0,
        null,
        null,
        0,
        null,
        0,
        null,
        0,
        null,
        null,
        null,
        1,
        null,
        1,
        9,
        9,
        null,
        null,
        null,
        1,
        0,
        0,
        null,
        null,
        1,
        4,
        4,
        4,
        4,
        8,
        4,
        4,
        4,
        4,
        4,
        0,
        null,
        4,
        4,
        null,
        2,
        2,
        null,
        null,
        1,
        null,
        null,
        1,
        0,
        0,
        null,
        null,
        1,
        0,
        null,
        null,
        null,
        1,
        5,
        5,
        1,
        2,
        null,
        4,
        4,
        null,
        null,
        null,
        null,
        1,
        4,
        4,
        null,
        4,
        0,
        null,
        null,
        null,
        null,
        null,
        null,
        4,
        4,
        null,
        4,
        null,
        4,
        null,
        null,
        null,
        1,
        4,
        null,
        null,
        1,
        11,
        null,
        null,
        1,
        2,
        2,
        2,
        null,
        null,
        1,
        0,
        0,
        0,
        0,
        null,
        null,
        1,
        2,
        0,
        null,
        2,
        null,
        null,
        null,
        1,
        4,
        null,
        null,
        1,
        4,
        0,
        null,
        4,
        null,
        null,
        null,
        1,
        4,
        0,
        0,
        null,
        0,
        null,
        null,
        4,
        null,
        null,
        null
      ],
      "/home/vts/Desktop/Project/rsm/app/controllers/employers/employers_controller.rb": [
        1,
        1,
        null,
        1,
        1,
        1,
        1,
        1,
        1,
        1,
        null,
        1,
        null,
        1,
        0,
        0,
        0,
        null,
        null,
        0,
        null,
        null,
        null,
        null,
        1,
        0,
        null,
        null,
        1,
        0,
        null,
        null,
        1,
        61,
        0,
        0,
        null,
        null,
        1,
        0,
        0,
        null,
        null,
        1,
        0,
        0,
        0,
        null,
        null,
        1,
        0,
        0,
        0,
        null,
        null,
        null,
        1,
        0,
        0,
        null,
        null,
        null,
        1,
        0,
        null,
        null,
        1,
        0,
        0,
        null,
        null,
        1,
        0,
        null,
        null,
        1,
        0,
        null,
        null,
        1,
        0,
        null,
        null,
        1,
        0,
        0,
        null,
        null,
        null,
        0,
        0,
        null,
        null,
        null,
        null,
        1,
        0,
        null,
        null,
        null,
        1,
        4,
        null,
        null,
        1,
        4,
        null,
        null,
        1,
        0,
        0,
        0,
        null,
        null,
        1,
        0,
        0,
        null,
        null,
        1,
        0,
        null,
        null,
        1,
        2,
        null,
        null,
        1,
        2,
        null,
        null,
        1,
        3,
        3,
        1,
        0,
        null,
        1,
        null,
        null,
        null,
        null,
        1,
        2,
        2,
        null,
        null,
        null,
        1,
        2,
        2,
        2,
        2,
        null,
        null
      ],
      "/home/vts/Desktop/Project/rsm/app/controllers/base_notifications_controller.rb": [
        1,
        null,
        1,
        null,
        1,
        0,
        0,
        0,
        0,
        0,
        0,
        0,
        null,
        null,
        null,
        1,
        0,
        null,
        0,
        null,
        null,
        1,
        56,
        56,
        56,
        null,
        56,
        null,
        56,
        null,
        0,
        null,
        0,
        null,
        null,
        null,
        1,
        80,
        27,
        null,
        null,
        1,
        null,
        1,
        56,
        56,
        56,
        null,
        0,
        null,
        56,
        null,
        null,
        1,
        80,
        80,
        null,
        null,
        1,
        57,
        57,
        null,
        null
      ],
      "/home/vts/Desktop/Project/rsm/app/controllers/application_controller.rb": [
        1,
        1,
        1,
        1,
        1,
        1,
        null,
        1,
        2,
        2,
        4,
        2,
        null,
        null,
        null,
        1,
        0,
        0,
        null,
        null,
        1,
        0,
        0,
        0,
        null,
        null,
        1,
        0,
        0,
        0,
        null,
        null,
        null,
        1,
        null,
        1,
        0,
        null,
        null,
        1,
        80,
        80,
        0,
        null,
        null,
        1,
        0,
        null,
        null,
        1,
        0,
        0,
        0,
        null,
        null,
        null,
        1,
        145,
        145,
        145,
        145,
        null,
        null,
        1,
        0,
        0,
        null,
        null,
        1,
        2,
        2,
        0,
        null,
        null,
        1,
        2,
        0,
        null,
        0,
        null,
        null,
        1,
        80,
        80,
        null,
        0,
        0,
        null,
        null,
        null,
        1,
        null,
        1,
        80,
        80,
        null,
        null,
        1,
        80,
        80,
        0,
        null,
        null,
        1,
        0,
        0,
        0,
        null,
        0,
        null,
        null,
        null,
        null
      ],
      "/home/vts/Desktop/Project/rsm/spec/controllers/employers/apply_statuses_controller_spec.rb": [
        1,
        null,
        1,
        4,
        4,
        4,
        4,
        4,
        4,
        4,
        1,
        3,
        null,
        null,
        4,
        1,
        3,
        null,
        null,
        null,
        null,
        null,
        null,
        null,
        null,
        1,
        3,
        null,
        null,
        3,
        4,
        null,
        1,
        4,
        null,
        1,
        1,
        2,
        null,
        null,
        1,
        1,
        null,
        null,
        1,
        1,
        null,
        null,
        null,
        1,
        1,
        1,
        null,
        null,
        1,
        1,
        null,
        null,
        null,
        null,
        null
      ],
      "/home/vts/Desktop/Project/rsm/app/controllers/employers/apply_statuses_controller.rb": [
        1,
        1,
        1,
        1,
        1,
        1,
        null,
        null,
        null,
        1,
        null,
        1,
        1,
        1,
        1,
        1,
        null,
        1,
        0,
        null,
        null,
        1,
        0,
        0,
        0,
        0,
        0,
        0,
        0,
        0,
        null,
        0,
        0,
        0,
        0,
        null,
        0,
        0,
        0,
        0,
        null,
        null,
        null,
        null,
        null,
        1,
        0,
        0,
        0,
        0,
        0,
        0,
        null,
        0,
        0,
        0,
        null,
        0,
        0,
        0,
        0,
        null,
        null,
        null,
        null,
        null,
        1,
        null,
        1,
        0,
        null,
        null,
        null,
        null,
        null,
        1,
        0,
        0,
        0,
        0,
        0,
        0,
        0,
        0,
        null,
        0,
        0,
        null,
        0,
        0,
        null,
        null,
        1,
        0,
        0,
        0,
        0,
        0,
        0,
        0,
        null,
        null,
        1,
        0,
        0,
        null,
        0,
        0,
        0,
        null,
        null,
        null,
        null,
        1,
        0,
        null,
        null,
        1,
        0,
        0,
        0,
        0,
        null,
        null,
        1,
        0,
        0,
        0,
        null,
        0,
        null,
        0,
        null,
        null,
        null,
        null,
        1,
        0,
        null,
        null,
        1,
        0,
        0,
        0,
        null,
        null,
        1,
        0,
        null,
        0,
        0,
        null,
        null,
        1,
        0,
        0,
        null,
        null,
        1,
        0,
        null,
        null,
        1,
        0,
        null,
        null,
        1,
        0,
        0,
        0,
        null,
        null,
        1,
        0,
        0,
        0,
        null,
        null,
        1,
        0,
        0,
        0,
        0,
        null,
        null,
        null
      ],
      "/home/vts/Desktop/Project/rsm/spec/controllers/employers/candidates_controller_spec.rb": [
        1,
        null,
        1,
        10,
        10,
        10,
        10,
        10,
        10,
        10,
        1,
        9,
        null,
        null,
        10,
        1,
        9,
        null,
        1,
        9,
        null,
        null,
        1,
        9,
        9,
        null,
        null,
        1,
        1,
        1,
        2,
        null,
        null,
        1,
        1,
        null,
        null,
        1,
        1,
        null,
        null,
        null,
        null,
        1,
        1,
        1,
        2,
        null,
        null,
        1,
        1,
        null,
        null,
        1,
        1,
        null,
        null,
        null,
        1,
        1,
        1,
        null,
        null,
        1,
        1,
        null,
        null,
        null,
        null,
        1,
        1,
        1,
        2,
        null,
        null,
        1,
        1,
        null,
        null,
        1,
        1,
        null,
        null,
        null,
        null,
        1,
        1,
        1,
        2,
        null,
        null,
        null,
        null,
        1,
        1,
        null,
        null,
        1,
        1,
        null,
        null,
        null,
        null
      ],
      "/home/vts/Desktop/Project/rsm/app/controllers/employers/candidates_controller.rb": [
        1,
        1,
        1,
        1,
        1,
        1,
        1,
        null,
        1,
        null,
        1,
        null,
        1,
        2,
        2,
        2,
        2,
        2,
        null,
        null,
        null,
        1,
        2,
        0,
        null,
        2,
        0,
        0,
        null,
        2,
        null,
        null,
        null,
        1,
        0,
        0,
        0,
        null,
        0,
        null,
        null,
        null,
        1,
        null,
        1,
        0,
        0,
        0,
        null,
        0,
        null,
        null,
        null,
        1,
        null,
        1,
        2,
        null,
        null,
        1,
        0,
        null,
        null,
        1,
        0,
        null,
        null,
        1,
        0,
        0,
        0,
        0,
        0,
        0,
        null,
        null,
        0,
        null,
        null,
        1,
        2,
        2,
        null,
        null,
        1,
        2,
        2,
        2,
        0,
        0,
        null,
        2,
        2,
        null,
        null,
        null,
        null,
        1,
        0,
        0,
        0,
        null,
        null,
        1,
        2,
        2,
        2,
        2,
        2,
        2,
        null,
        null
      ],
      "/home/vts/Desktop/Project/rsm/spec/controllers/employers/companies_controller_spec.rb": [
        1,
        null,
        1,
        3,
        3,
        null,
        3,
        null,
        1,
        2,
        2,
        2,
        2,
        2,
        2,
        null,
        null,
        1,
        1,
        1,
        1,
        1,
        null,
        null,
        null,
        1,
        1,
        1,
        1,
        null,
        null,
        null,
        null
      ],
      "/home/vts/Desktop/Project/rsm/app/controllers/employers/companies_controller.rb": [
        1,
        1,
        1,
        1,
        null,
        1,
        2,
        1,
        1,
        null,
        1,
        null,
        null,
        null,
        1,
        null,
        1,
        2,
        null,
        null,
        null,
        null,
        null,
        null,
        null,
        1,
        2,
        null,
        null,
        1,
        2,
        null,
        null
      ],
      "/home/vts/Desktop/Project/rsm/spec/controllers/employers/evaluations_controller_spec.rb": [
        1,
        null,
        1,
        5,
        5,
        null,
        null,
        1,
        4,
        4,
        4,
        4,
        4,
        7,
        4,
        null,
        null,
        1,
        1,
        1,
        3,
        null,
        null,
        1,
        1,
        null,
        null,
        1,
        1,
        null,
        null,
        1,
        1,
        null,
        null,
        null,
        null,
        1,
        1,
        1,
        null,
        null,
        null
      ],
      "/home/vts/Desktop/Project/rsm/app/controllers/employers/evaluations_controller.rb": [
        1,
        1,
        1,
        1,
        1,
        1,
        1,
        1,
        1,
        1,
        1,
        null,
        1,
        null,
        1,
        null,
        1,
        0,
        0,
        0,
        null,
        null,
        null,
        1,
        0,
        0,
        0,
        null,
        0,
        0,
        0,
        null,
        0,
        0,
        0,
        null,
        null,
        null,
        1,
        null,
        1,
        0,
        0,
        0,
        0,
        0,
        null,
        null,
        1,
        0,
        null,
        null,
        null,
        null,
        null,
        1,
        0,
        0,
        0,
        0,
        0,
        0,
        null,
        0,
        0,
        null,
        null,
        null,
        1,
        0,
        0,
        null,
        null,
        null,
        1,
        0,
        0,
        0,
        null,
        null,
        1,
        0,
        0,
        0,
        null,
        null,
        1,
        3,
        3,
        null,
        null,
        null,
        null,
        null,
        1,
        3,
        null,
        null,
        1,
        0,
        null,
        null
      ],
      "/home/vts/Desktop/Project/rsm/spec/controllers/employers/interview_types_controller_spec.rb": [
        1,
        null,
        1,
        8,
        8,
        null,
        4,
        null,
        4,
        1,
        7,
        7,
        7,
        7,
        7,
        7,
        null,
        null,
        1,
        1,
        1,
        2,
        2,
        null,
        null,
        1,
        1,
        null,
        null,
        1,
        1,
        null,
        null,
        null,
        null,
        1,
        1,
        1,
        null,
        null,
        null,
        1,
        1,
        1,
        null,
        null,
        null,
        1,
        1,
        1,
        1,
        1,
        null,
        null,
        null,
        1,
        1,
        1,
        1,
        null,
        null,
        null,
        null,
        1,
        1,
        1,
        1,
        null,
        null,
        null
      ],
      "/home/vts/Desktop/Project/rsm/app/controllers/employers/interview_types_controller.rb": [
        1,
        1,
        1,
        1,
        1,
        null,
        1,
        null,
        1,
        0,
        0,
        0,
        null,
        null,
        null,
        1,
        0,
        0,
        0,
        0,
        0,
        null,
        0,
        0,
        null,
        null,
        null,
        null,
        null,
        1,
        0,
        0,
        0,
        null,
        null,
        null,
        1,
        2,
        2,
        2,
        null,
        1,
        null,
        null,
        null,
        null,
        1,
        1,
        1,
        2,
        null,
        0,
        null,
        null,
        null,
        null,
        1,
        null,
        1,
        2,
        null,
        null,
        null,
        1,
        2,
        null,
        null,
        1,
        0,
        0,
        null,
        null,
        1,
        0,
        0,
        0,
        0,
        0,
        null,
        null,
        null
      ],
      "/home/vts/Desktop/Project/rsm/spec/controllers/employers/jobs_controller_spec.rb": [
        1,
        null,
        1,
        15,
        15,
        13,
        13,
        15,
        15,
        15,
        13,
        1,
        11,
        null,
        null,
        15,
        12,
        15,
        null,
        1,
        3,
        1,
        1,
        null,
        1,
        null,
        null,
        1,
        1,
        null,
        1,
        null,
        null,
        null,
        1,
        7,
        1,
        1,
        null,
        null,
        null,
        null,
        1,
        null,
        null,
        1,
        1,
        null,
        null,
        1,
        1,
        2,
        null,
        null,
        null,
        null,
        null,
        null,
        null,
        1,
        1,
        null,
        null,
        1,
        1,
        null,
        null,
        null,
        1,
        1,
        1,
        null,
        null,
        null,
        null,
        null,
        null,
        null,
        1,
        1,
        null,
        null,
        null,
        1,
        1,
        1,
        null,
        null,
        null,
        null,
        null,
        null,
        null,
        1,
        1,
        null,
        null,
        null,
        null,
        1,
        3,
        1,
        1,
        null,
        null,
        null,
        1,
        null,
        null,
        1,
        1,
        null,
        null,
        null,
        null,
        1,
        3,
        1,
        2,
        null,
        null,
        1,
        1,
        null,
        null,
        1,
        1,
        null,
        null,
        null,
        1,
        3,
        1,
        2,
        null,
        null,
        1,
        1,
        null,
        null,
        1,
        1,
        null,
        null,
        null
      ],
      "/home/vts/Desktop/Project/rsm/app/controllers/employers/jobs_controller.rb": [
        1,
        1,
        1,
        1,
        1,
        1,
        1,
        1,
        null,
        1,
        1,
        1,
        1,
        null,
        1,
        2,
        2,
        null,
        2,
        null,
        null,
        1,
        2,
        2,
        2,
        2,
        1,
        null,
        1,
        null,
        1,
        1,
        1,
        1,
        null,
        2,
        null,
        null,
        null,
        1,
        2,
        2,
        null,
        2,
        null,
        null,
        1,
        2,
        2,
        2,
        2,
        2,
        null,
        2,
        null,
        null,
        null,
        1,
        null,
        1,
        4,
        4,
        3,
        null,
        1,
        1,
        1,
        1,
        1,
        null,
        4,
        null,
        null,
        null,
        1,
        null,
        1,
        2,
        null,
        null,
        1,
        16,
        16,
        null,
        null,
        null,
        null,
        null,
        null,
        1,
        12,
        null,
        null,
        1,
        0,
        null,
        null,
        1,
        2,
        null,
        null,
        1,
        2,
        null,
        null,
        1,
        0,
        null,
        null,
        1,
        6,
        6,
        null,
        null,
        null,
        1,
        8,
        null,
        null,
        1,
        2,
        null,
        null,
        1,
        6,
        6,
        null,
        null,
        1,
        2,
        null,
        null,
        1,
        2,
        2,
        null,
        null,
        1,
        1,
        null,
        null,
        1,
        4,
        4,
        null,
        null,
        1,
        8,
        2,
        2,
        2,
        2,
        null,
        null
      ],
      "/home/vts/Desktop/Project/rsm/spec/controllers/employers/notes_controller_spec.rb": [
        1,
        null,
        1,
        13,
        13,
        13,
        13,
        13,
        13,
        13,
        1,
        12,
        null,
        null,
        13,
        1,
        0,
        null,
        null,
        null,
        1,
        12,
        null,
        1,
        12,
        null,
        1,
        12,
        null,
        null,
        8,
        1,
        12,
        12,
        null,
        null,
        1,
        1,
        1,
        1,
        null,
        null,
        1,
        1,
        null,
        null,
        null,
        null,
        1,
        1,
        1,
        2,
        null,
        null,
        null,
        1,
        1,
        null,
        null,
        1,
        1,
        null,
        null,
        null,
        1,
        1,
        1,
        null,
        null,
        null,
        1,
        1,
        null,
        null,
        null,
        null,
        1,
        1,
        1,
        1,
        null,
        null,
        1,
        1,
        null,
        null,
        null,
        null,
        1,
        1,
        1,
        2,
        null,
        null,
        null,
        1,
        1,
        null,
        null,
        1,
        1,
        null,
        null,
        null,
        1,
        1,
        2,
        null,
        null,
        null,
        1,
        1,
        null,
        null,
        1,
        1,
        null,
        null,
        null,
        null,
        null,
        1,
        1,
        1,
        2,
        null,
        null,
        1,
        1,
        null,
        null,
        1,
        1,
        null,
        null,
        null,
        1,
        1,
        1,
        null,
        null,
        1,
        1,
        null,
        null,
        null,
        null,
        null
      ],
      "/home/vts/Desktop/Project/rsm/app/controllers/employers/notes_controller.rb": [
        1,
        1,
        1,
        null,
        1,
        1,
        null,
        null,
        1,
        3,
        2,
        2,
        null,
        null,
        null,
        1,
        null,
        1,
        4,
        2,
        null,
        null,
        null,
        1,
        2,
        2,
        null,
        null,
        null,
        1,
        null,
        1,
        7,
        null,
        null,
        1,
        9,
        9,
        0,
        null,
        null
      ],
      "/home/vts/Desktop/Project/rsm/spec/controllers/employers/send_emails_controller_spec.rb": [
        1,
        null,
        1,
        5,
        5,
        5,
        5,
        5,
        5,
        5,
        1,
        4,
        null,
        null,
        5,
        1,
        4,
        null,
        1,
        4,
        null,
        5,
        5,
        null,
        1,
        1,
        4,
        4,
        null,
        null,
        1,
        1,
        1,
        2,
        null,
        null,
        1,
        1,
        null,
        null,
        1,
        1,
        null,
        null,
        null,
        null,
        1,
        1,
        1,
        2,
        null,
        null,
        1,
        1,
        null,
        null,
        1,
        1,
        null,
        null,
        null,
        null,
        null
      ],
      "/home/vts/Desktop/Project/rsm/app/controllers/employers/send_emails_controller.rb": [
        1,
        1,
        1,
        1,
        null,
        1,
        2,
        null,
        null,
        1,
        0,
        0,
        0,
        0,
        0,
        null,
        null,
        1,
        2,
        2,
        2,
        2,
        2,
        2,
        2,
        2,
        2,
        2,
        null,
        null,
        1,
        null,
        1,
        0,
        0,
        0,
        0,
        null,
        0,
        null,
        0,
        null,
        null,
        null,
        1,
        0,
        0,
        0,
        0,
        null,
        null,
        1,
        0,
        0,
        0,
        0,
        null,
        null,
        1,
        0,
        0,
        0,
        null,
        null,
        1,
        0,
        null,
        null,
        null
      ],
      "/home/vts/Desktop/Project/rsm/spec/controllers/employers/skill_sets_controller_spec.rb": [
        1,
        null,
        1,
        3,
        3,
        null,
        2,
        2,
        2,
        null,
        2,
        null,
        1,
        2,
        2,
        2,
        2,
        2,
        2,
        null,
        null,
        1,
        1,
        1,
        null,
        null,
        null,
        1,
        1,
        1,
        1,
        null,
        null,
        null
      ],
      "/home/vts/Desktop/Project/rsm/app/controllers/employers/skill_sets_controller.rb": [
        1,
        1,
        1,
        1,
        1,
        null,
        1,
        0,
        null,
        null,
        1,
        0,
        0,
        0,
        null,
        0,
        null,
        0,
        null,
        null,
        null,
        1,
        1,
        1,
        2,
        null,
        0,
        null,
        null,
        null,
        null,
        1,
        null,
        1,
        0,
        null,
        null,
        null,
        1,
        0,
        0,
        0,
        0,
        null,
        0,
        null,
        null,
        null,
        1,
        0,
        0,
        0,
        0,
        0,
        null,
        null,
        1,
        0,
        0,
        0,
        null,
        null,
        null,
        1,
        0,
        0,
        0,
        0,
        0,
        null,
        0,
        null,
        null,
        1,
        0,
        null,
        null,
        1,
        0,
        null,
        null,
        1,
        0,
        0,
        0,
        0,
        null,
        0,
        null,
        null,
        null
      ],
      "/home/vts/Desktop/Project/rsm/spec/controllers/employers/skills_controller_spec.rb": [
        1,
        null,
        1,
        11,
        11,
        null,
        6,
        null,
        6,
        null,
        1,
        10,
        10,
        10,
        10,
        10,
        10,
        null,
        null,
        1,
        1,
        1,
        6,
        3,
        null,
        null,
        1,
        1,
        null,
        null,
        1,
        1,
        null,
        null,
        1,
        1,
        null,
        null,
        null,
        null,
        1,
        1,
        1,
        null,
        null,
        null,
        1,
        1,
        1,
        null,
        null,
        null,
        1,
        1,
        1,
        1,
        1,
        null,
        null,
        null,
        1,
        1,
        1,
        1,
        null,
        null,
        null,
        null,
        1,
        1,
        1,
        3,
        null,
        null,
        1,
        1,
        null,
        null,
        1,
        1,
        null,
        null,
        1,
        1,
        null,
        null,
        null,
        null
      ],
      "/home/vts/Desktop/Project/rsm/app/controllers/employers/skills_controller.rb": [
        1,
        1,
        1,
        1,
        1,
        null,
        1,
        null,
        1,
        null,
        1,
        0,
        0,
        0,
        0,
        null,
        0,
        null,
        null,
        null,
        null,
        1,
        null,
        1,
        2,
        2,
        1,
        2,
        null,
        1,
        null,
        null,
        null,
        null,
        1,
        3,
        3,
        0,
        null,
        3,
        3,
        6,
        null,
        0,
        null,
        null,
        null,
        null,
        null,
        1,
        null,
        1,
        2,
        null,
        null,
        1,
        10,
        10,
        null,
        null,
        1,
        3,
        null,
        null,
        1,
        8,
        null,
        null
      ],
      "/home/vts/Desktop/Project/rsm/spec/controllers/employers/templates_controller_spec.rb": [
        1,
        null,
        1,
        13,
        13,
        13,
        9,
        9,
        1,
        12,
        12,
        null,
        null,
        1,
        1,
        1,
        null,
        null,
        null,
        1,
        1,
        1,
        null,
        null,
        null,
        1,
        3,
        1,
        1,
        null,
        null,
        1,
        1,
        1,
        1,
        1,
        null,
        null,
        1,
        1,
        null,
        null,
        1,
        null,
        null,
        null,
        1,
        1,
        1,
        null,
        null,
        1,
        1,
        null,
        null,
        null,
        1,
        1,
        1,
        3,
        null,
        null,
        null,
        null,
        1,
        1,
        null,
        null,
        1,
        1,
        null,
        null,
        1,
        1,
        1,
        1,
        1,
        null,
        null,
        null,
        1,
        1,
        1,
        null,
        null,
        null,
        1,
        1,
        null,
        null,
        null,
        null,
        1,
        1,
        1,
        3,
        null,
        null,
        1,
        1,
        null,
        null,
        1,
        1,
        null,
        null,
        1,
        1,
        1,
        1,
        1,
        null,
        null,
        null,
        null
      ],
      "/home/vts/Desktop/Project/rsm/app/controllers/employers/templates_controller.rb": [
        1,
        1,
        1,
        1,
        1,
        null,
        1,
        null,
        1,
        null,
        1,
        2,
        2,
        2,
        1,
        null,
        1,
        1,
        null,
        null,
        null,
        null,
        1,
        1,
        0,
        null,
        1,
        null,
        null,
        null,
        1,
        1,
        null,
        null,
        null,
        1,
        4,
        4,
        4,
        8,
        null,
        0,
        null,
        null,
        null,
        null,
        1,
        3,
        3,
        3,
        6,
        null,
        0,
        null,
        null,
        null,
        null,
        1,
        null,
        1,
        10,
        null,
        null,
        1,
        8,
        null,
        8,
        null,
        8,
        null,
        8,
        null,
        null,
        null,
        1,
        11,
        null,
        null,
        1,
        1,
        null,
        null,
        1,
        2,
        null,
        null,
        null
      ],
      "/home/vts/Desktop/Project/rsm/app/models/member.rb": [
        1,
        1,
        null,
        1,
        1,
        1,
        1,
        1,
        1,
        1,
        null,
        1,
        null,
        1,
        146,
        1,
        56,
        null,
        null,
        1,
        null,
        1,
        63,
        0,
        null,
        null,
        1,
        63,
        0,
        null,
        63,
        63,
        null,
        null
      ],
      "/home/vts/Desktop/Project/rsm/app/models/branch.rb": [
        1,
        1,
        null,
        1,
        1,
        null,
        1,
        1,
        1,
        1,
        1,
        1,
        null,
        1,
        1,
        null,
        3,
        3,
        null
      ],
      "/home/vts/Desktop/Project/rsm/app/models/category.rb": [
        1,
        1,
        null,
        1,
        1,
        null,
        1,
        null,
        1,
        null,
        3,
        3,
        null
      ],
      "/home/vts/Desktop/Project/rsm/app/models/currency.rb": [
        1,
        1,
        null,
        1,
        1,
        1,
        null,
        1,
        1,
        1,
        null,
        3,
        null
      ],
      "/home/vts/Desktop/Project/rsm/app/jobs/applies_user_job.rb": [
        1,
        1,
        null,
        1,
        0,
        0,
        null,
        null
      ],
      "/home/vts/Desktop/Project/rsm/app/jobs/application_job.rb": [
        1,
        null
      ],
      "/home/vts/Desktop/Project/rsm/app/jobs/applies_employer_job.rb": [
        1,
        1,
        null,
        1,
        0,
        0,
        null,
        null
      ],
      "/home/vts/Desktop/Project/rsm/app/models/step.rb": [
        1,
        1,
        null,
        1,
        1,
        null,
        1,
        0,
        null,
        null
      ],
      "/home/vts/Desktop/Project/rsm/app/models/status_step.rb": [
        1,
        1,
        null,
        1,
        null,
        1,
        0,
        null,
        1,
        null,
        1,
        null,
        1,
        1,
        9,
        null,
        9,
        null,
        null,
        null,
        1,
        0,
        null,
        null
      ],
      "/home/vts/Desktop/Project/rsm/app/models/apply_status.rb": [
        1,
        1,
        null,
        1,
        1,
        null,
        1,
        1,
        1,
        1,
        1,
        1,
        1,
        1,
        null,
        1,
        null,
        1,
        1,
        1,
        1,
        1,
        1,
        null,
        1,
        1,
        1,
        null,
        1,
        null,
        1,
        null,
        1,
        2,
        null,
        7,
        1,
        6,
        1,
        1,
        null,
        0,
        null,
        null,
        1,
        0,
        0,
        null,
        null,
        null
      ],
      "/home/vts/Desktop/Project/rsm/app/models/email_sent.rb": [
        1,
        1,
        null,
        1,
        1,
        1,
        1,
        1,
        null,
        1,
        null,
        1,
        1,
        1,
        null,
        1,
        null,
        1,
        1,
        1,
        1,
        1,
        null,
        1,
        1,
        null,
        1,
        null,
        28,
        null,
        1,
        null,
        1,
        null,
        1,
        6,
        6,
        null,
        null,
        1,
        2,
        2,
        null,
        null,
        null,
        null
      ],
      "/home/vts/Desktop/Project/rsm/app/models/company_step.rb": [
        1,
        1,
        null,
        1,
        1,
        null,
        10,
        19,
        null,
        1,
        0,
        0,
        0,
        null,
        null,
        1,
        0,
        null,
        null
      ],
      "/home/vts/Desktop/Project/rsm/app/models/ability.rb": [
        1,
        1,
        null,
        1,
        145,
        145,
        null,
        145,
        null,
        0,
        0,
        0,
        null,
        null,
        0,
        0,
        null,
        null,
        null,
        null,
        1,
        null,
        1,
        145,
        145,
        145,
        145,
        0,
        null,
        null,
        1,
        145,
        145,
        145,
        145,
        145,
        145,
        145,
        145,
        145,
        145,
        145,
        145,
        145,
        145,
        145,
        145,
        145,
        145,
        145,
        145,
        145,
        145,
        145,
        145,
        145,
        null,
        null,
        1,
        0,
        0,
        0,
        0,
        0,
        null,
        null,
        1,
        0,
        null,
        null,
        1,
        0,
        0,
        0,
        0,
        0,
        0,
        0,
        0,
        null,
        null,
        1,
        0,
        0,
        null,
        null
      ],
      "/home/vts/Desktop/Project/rsm/app/models/appointment.rb": [
        1,
        1,
        null,
        1,
        1,
        1,
        1,
        1,
        1,
        null,
        1,
        1,
        1,
        1,
        1,
        null,
        1,
        null,
        1,
        null,
        1,
        null,
        1,
        0,
        null,
        null,
        1,
        0,
        null,
        null,
        1,
        null,
        1,
        null,
        1,
        0,
        0,
        null,
        null,
        1,
        0,
        0,
        null,
        null,
        null,
        1,
        0,
        0,
        null,
        null
      ],
      "/home/vts/Desktop/Project/rsm/app/models/template.rb": [
        1,
        1,
        null,
        1,
        1,
        null,
        1,
        1,
        1,
        1,
        null,
        1,
        null,
        33,
        1,
        1,
        null
      ],
      "/home/vts/Desktop/Project/rsm/app/models/question.rb": [
        1,
        1,
        null,
        1,
        null,
        1,
        1,
        null,
        1,
        null,
        3,
        1,
        null
      ],
      "/home/vts/Desktop/Project/rsm/app/models/note.rb": [
        1,
        1,
        null,
        1,
        1,
        null,
        1,
        null,
        1,
        null,
        3,
        null
      ],
      "/home/vts/Desktop/Project/rsm/app/models/skill.rb": [
        1,
        1,
        null,
        1,
        1,
        1,
        1,
        null,
        1,
        null,
        1,
        null,
        1,
        null
      ],
      "/home/vts/Desktop/Project/rsm/app/models/evaluation.rb": [
        1,
        1,
        null,
        1,
        1,
        1,
        1,
        null,
        1,
        null,
        1,
        null,
        1,
        0,
        0,
        null,
        null,
        null,
        1,
        3,
        null,
        null
      ],
      "/home/vts/Desktop/Project/rsm/app/models/knowledge.rb": [
        1,
        1,
        null,
        1,
        1,
        null,
        1,
        null,
        1,
        null,
        1,
        null,
        1,
        null
      ],
      "/home/vts/Desktop/Project/rsm/app/models/interview_type.rb": [
        1,
        1,
        null,
        1,
        1,
        1,
        1,
        null,
        1,
        null,
        1,
        null
      ],
      "/home/vts/Desktop/Project/rsm/app/models/skill_set.rb": [
        1,
        1,
        null,
        1,
        1,
        null,
        1,
        null,
        1,
        null,
        1,
        null
      ],
      "/home/vts/Desktop/Project/rsm/app/models/inforappointment.rb": [
        1,
        1,
        null,
        1,
        null,
        1,
        1,
        null,
        1,
        null,
        1,
        0,
        null,
        null,
        1,
        0,
        0,
        null,
        null,
        1,
        1,
        0,
        null,
        null,
        1,
        0,
        null,
        0,
        null,
        null,
        1,
        0,
        null,
        null,
        null
      ],
      "/home/vts/Desktop/Project/rsm/app/models/notification.rb": [
        1,
        1,
        null,
        1,
        1,
        null,
        1,
        1,
        1,
        null,
        1,
        null,
        1,
        null,
        1,
        null,
        1,
        1,
        null,
        57,
        57,
        1,
        1,
        57,
        null,
        1,
        1,
        2,
        2,
        2,
        null,
        null,
        null,
        null,
        null,
        1,
        56,
        null,
        null,
        null,
        1,
        null,
        1,
        0,
        null,
        null,
        null,
        1,
        0,
        null,
        null,
        null,
        1,
        0,
        0,
        0,
        null,
        null
      ],
      "/home/vts/Desktop/Project/rsm/lib/select_apply.rb": [
        1,
        1,
        1,
        0,
        0,
        null,
        null,
        1,
        4,
        4,
        4,
        4,
        null,
        4,
        4,
        4,
        4,
        null,
        null,
        4,
        null,
        null,
        1,
        0,
        0,
        null,
        null,
        null
      ],
      "/home/vts/Desktop/Project/rsm/app/models/activity.rb": [
        1,
        1,
        null,
        7,
        null,
        null,
        1,
        1,
        null,
        1,
        null,
        1,
        1,
        0,
        0,
        0,
        null,
        null,
        null
      ],
      "/home/vts/Desktop/Project/rsm/app/mailers/devise_mailer.rb": [
        1,
        1,
        null,
        1,
        null
      ],
      "/home/vts/Desktop/Project/rsm/app/models/feedback.rb": [
        1,
        1,
        null,
        1,
        1,
        null
      ],
      "/home/vts/Desktop/Project/rsm/app/models/bookmark_like.rb": [
        1,
        1,
        null,
        1,
        1,
        1,
        null,
        1,
        1,
        null
      ],
      "/home/vts/Desktop/Project/rsm/app/models/reward_benefit.rb": [
        1,
        1,
        null,
        1,
        null,
        1,
        null
      ],
      "/home/vts/Desktop/Project/rsm/app/models/survey.rb": [
        1,
        1,
        null,
        1,
        1,
        1,
        null,
        1,
        null,
        1,
        null,
        1,
        null
      ],
      "/home/vts/Desktop/Project/rsm/app/models/oauth.rb": [
        1,
        1,
        null,
        1,
        null,
        1,
        1,
        1,
        null,
        1,
        null,
        1,
        null,
        null,
        null,
        0,
        null,
        null,
        1,
        0,
        0,
        null,
        null,
        1,
        0,
        0,
        null,
        null,
        null,
        1,
        2,
        null,
        null
      ],
      "/home/vts/Desktop/Project/rsm/app/services/sendmail_service.rb": [
        1,
        null,
        1,
        6,
        6,
        6,
        null,
        null,
        1,
        6,
        2,
        2,
        null,
        4,
        4,
        null,
        6,
        6,
        null,
        null,
        1,
        1,
        0,
        null,
        null,
        1,
        0,
        null,
        null,
        1,
        0,
        null,
        null,
        null,
        1,
        0,
        0,
        0,
        0,
        0,
        0,
        0,
        null,
        0,
        null,
        0,
        0,
        0,
        0,
        0,
        null,
        0,
        null,
        null,
        1,
        0,
        null,
        null,
        null,
        1,
        0,
        null,
        null,
        null,
        null
      ],
      "/home/vts/Desktop/Project/rsm/app/jobs/send_email_user_job.rb": [
        1,
        1,
        null,
        1,
        0,
        null,
        null
      ]
    },
    "timestamp": 1531793750
  }
}
